<?xml version="1.0" encoding="UTF-8"?>
<!-- Generated by org.testng.reporters.JUnitReportReporter -->
<testsuite hostname="DESKTOP-0VLAUKB" failures="0" tests="1" name="com.hrms.testscripts.TC001" time="13.030" errors="0" timestamp="19 Mar 2024 07:39:05 GMT">
  <testcase classname="com.hrms.testscripts.TC001" name="tc001" time="13.030"/>
</testsuite> <!-- com.hrms.testscripts.TC001 -->
